----------------------------------------------------------------------
      name:  <unnamed>
       log:  C:/Users/lijia/OneDrive - University of Toronto/Documents
> /School/1-5 ECO375/ECO375 Project//3 - Output/feas_plan_log.log
  log type:  text
 opened on:  11 Mar 2023, 14:20:21

. 
. cd "$INPUT_PATH/Merge"
C:\Users\lijia\OneDrive - University of Toronto\Documents\School\1-5 E
> CO375\ECO375 Project\1 - Data\Merge

. 
. * Load collapsed data for regression
. use "HOLC_Voting_Merged.dta", clear

. 
. * Scatter plot
. scatter tract_dvoteshare perc_tract_d if tract_holc_share > 0.8

. 
. * Regression
. regress tract_dvoteshare perc_tract_d if tract_holc_share > 0.8, rob
> ust

Linear regression                               Number of obs     =   
>    7,434
                                                F(1, 7432)        =   
>   385.55
                                                Prob > F          =   
>   0.0000
                                                R-squared         =   
>   0.0396
                                                Root MSE          =   
>    .1463

----------------------------------------------------------------------
> --------
             |               Robust
tract_dvot~e | Coefficient  std. err.      t    P>|t|     [95% conf. i
> nterval]
-------------+--------------------------------------------------------
> --------
perc_tract_d |   .0762276   .0038822    19.64   0.000     .0686174    
> .0838377
       _cons |   .7654135   .0021479   356.35   0.000     .7612029    
>  .769624
----------------------------------------------------------------------
> --------

. 
. * Robustness check -- does changing the tract_holc_share cutoff affe
> ct results?
. quietly

. foreach min_perc of numlist 0 5:100 {
  2.         eststo robustness_`min_perc': reg tract_dvoteshare perc_t
> ract_d if tract_holc_share*100 >= `min_perc', robust
  3. }

Linear regression                               Number of obs     =   
>   16,352
                                                F(1, 16350)       =   
>  1479.13
                                                Prob > F          =   
>   0.0000
                                                R-squared         =   
>   0.0606
                                                Root MSE          =   
>   .15842

----------------------------------------------------------------------
> --------
             |               Robust
tract_dvot~e | Coefficient  std. err.      t    P>|t|     [95% conf. i
> nterval]
-------------+--------------------------------------------------------
> --------
perc_tract_d |   .1300968   .0033827    38.46   0.000     .1234663    
> .1367272
       _cons |   .7172184   .0014752   486.20   0.000     .7143269    
> .7201099
----------------------------------------------------------------------
> --------

Linear regression                               Number of obs     =   
>   14,582
                                                F(1, 14580)       =   
>  1082.65
                                                Prob > F          =   
>   0.0000
                                                R-squared         =   
>   0.0524
                                                Root MSE          =   
>   .15418

----------------------------------------------------------------------
> --------
             |               Robust
tract_dvot~e | Coefficient  std. err.      t    P>|t|     [95% conf. i
> nterval]
-------------+--------------------------------------------------------
> --------
perc_tract_d |    .112892    .003431    32.90   0.000     .1061668    
> .1196171
       _cons |   .7296024    .001546   471.93   0.000     .7265721    
> .7326327
----------------------------------------------------------------------
> --------

Linear regression                               Number of obs     =   
>   14,070
                                                F(1, 14068)       =   
>   981.81
                                                Prob > F          =   
>   0.0000
                                                R-squared         =   
>   0.0500
                                                Root MSE          =   
>   .15301

----------------------------------------------------------------------
> --------
             |               Robust
tract_dvot~e | Coefficient  std. err.      t    P>|t|     [95% conf. i
> nterval]
-------------+--------------------------------------------------------
> --------
perc_tract_d |   .1080362   .0034479    31.33   0.000     .1012778    
> .1147945
       _cons |   .7331851   .0015702   466.94   0.000     .7301073    
> .7362629
----------------------------------------------------------------------
> --------

Linear regression                               Number of obs     =   
>   13,627
                                                F(1, 13625)       =   
>   910.71
                                                Prob > F          =   
>   0.0000
                                                R-squared         =   
>   0.0484
                                                Root MSE          =   
>   .15225

----------------------------------------------------------------------
> --------
             |               Robust
tract_dvot~e | Coefficient  std. err.      t    P>|t|     [95% conf. i
> nterval]
-------------+--------------------------------------------------------
> --------
perc_tract_d |     .10453   .0034638    30.18   0.000     .0977405    
> .1113196
       _cons |   .7360285   .0015946   461.56   0.000     .7329028    
> .7391542
----------------------------------------------------------------------
> --------

Linear regression                               Number of obs     =   
>   13,217
                                                F(1, 13215)       =   
>   848.90
                                                Prob > F          =   
>   0.0000
                                                R-squared         =   
>   0.0470
                                                Root MSE          =   
>   .15148

----------------------------------------------------------------------
> --------
             |               Robust
tract_dvot~e | Coefficient  std. err.      t    P>|t|     [95% conf. i
> nterval]
-------------+--------------------------------------------------------
> --------
perc_tract_d |   .1012849   .0034763    29.14   0.000     .0944708    
> .1080989
       _cons |   .7388002   .0016164   457.05   0.000     .7356317    
> .7419686
----------------------------------------------------------------------
> --------

Linear regression                               Number of obs     =   
>   12,814
                                                F(1, 12812)       =   
>   791.84
                                                Prob > F          =   
>   0.0000
                                                R-squared         =   
>   0.0458
                                                Root MSE          =   
>   .15056

----------------------------------------------------------------------
> --------
             |               Robust
tract_dvot~e | Coefficient  std. err.      t    P>|t|     [95% conf. i
> nterval]
-------------+--------------------------------------------------------
> --------
perc_tract_d |   .0981387   .0034876    28.14   0.000     .0913026    
> .1049748
       _cons |   .7413696   .0016364   453.05   0.000      .738162    
> .7445772
----------------------------------------------------------------------
> --------

Linear regression                               Number of obs     =   
>   12,402
                                                F(1, 12400)       =   
>   736.03
                                                Prob > F          =   
>   0.0000
                                                R-squared         =   
>   0.0444
                                                Root MSE          =   
>   .14992

----------------------------------------------------------------------
> --------
             |               Robust
tract_dvot~e | Coefficient  std. err.      t    P>|t|     [95% conf. i
> nterval]
-------------+--------------------------------------------------------
> --------
perc_tract_d |    .094985   .0035011    27.13   0.000     .0881222    
> .1018477
       _cons |   .7440165   .0016611   447.90   0.000     .7407604    
> .7472726
----------------------------------------------------------------------
> --------

Linear regression                               Number of obs     =   
>   11,999
                                                F(1, 11997)       =   
>   697.93
                                                Prob > F          =   
>   0.0000
                                                R-squared         =   
>   0.0440
                                                Root MSE          =   
>   .14896

----------------------------------------------------------------------
> --------
             |               Robust
tract_dvot~e | Coefficient  std. err.      t    P>|t|     [95% conf. i
> nterval]
-------------+--------------------------------------------------------
> --------
perc_tract_d |   .0928639   .0035151    26.42   0.000     .0859737    
> .0997541
       _cons |   .7462746   .0016857   442.72   0.000     .7429704    
> .7495788
----------------------------------------------------------------------
> --------

Linear regression                               Number of obs     =   
>   11,571
                                                F(1, 11569)       =   
>   661.73
                                                Prob > F          =   
>   0.0000
                                                R-squared         =   
>   0.0434
                                                Root MSE          =   
>   .14869

----------------------------------------------------------------------
> --------
             |               Robust
tract_dvot~e | Coefficient  std. err.      t    P>|t|     [95% conf. i
> nterval]
-------------+--------------------------------------------------------
> --------
perc_tract_d |    .090933   .0035349    25.72   0.000     .0840039    
>  .097862
       _cons |   .7481441    .001718   435.48   0.000     .7447766    
> .7515116
----------------------------------------------------------------------
> --------

Linear regression                               Number of obs     =   
>   11,165
                                                F(1, 11163)       =   
>   629.57
                                                Prob > F          =   
>   0.0000
                                                R-squared         =   
>   0.0429
                                                Root MSE          =   
>   .14849

----------------------------------------------------------------------
> --------
             |               Robust
tract_dvot~e | Coefficient  std. err.      t    P>|t|     [95% conf. i
> nterval]
-------------+--------------------------------------------------------
> --------
perc_tract_d |   .0891857   .0035545    25.09   0.000     .0822183    
>  .096153
       _cons |   .7497326   .0017483   428.85   0.000     .7463057    
> .7531595
----------------------------------------------------------------------
> --------

Linear regression                               Number of obs     =   
>   10,650
                                                F(1, 10648)       =   
>   594.25
                                                Prob > F          =   
>   0.0000
                                                R-squared         =   
>   0.0427
                                                Root MSE          =   
>   .14772

----------------------------------------------------------------------
> --------
             |               Robust
tract_dvot~e | Coefficient  std. err.      t    P>|t|     [95% conf. i
> nterval]
-------------+--------------------------------------------------------
> --------
perc_tract_d |   .0872317   .0035784    24.38   0.000     .0802173    
>  .094246
       _cons |   .7523758   .0017845   421.61   0.000     .7488778    
> .7558738
----------------------------------------------------------------------
> --------

Linear regression                               Number of obs     =   
>   10,124
                                                F(1, 10122)       =   
>   552.49
                                                Prob > F          =   
>   0.0000
                                                R-squared         =   
>   0.0420
                                                Root MSE          =   
>     .147

----------------------------------------------------------------------
> --------
             |               Robust
tract_dvot~e | Coefficient  std. err.      t    P>|t|     [95% conf. i
> nterval]
-------------+--------------------------------------------------------
> --------
perc_tract_d |   .0847892   .0036073    23.51   0.000     .0777182    
> .0918602
       _cons |    .755335   .0018293   412.90   0.000     .7517491    
> .7589208
----------------------------------------------------------------------
> --------

Linear regression                               Number of obs     =   
>    9,655
                                                F(1, 9653)        =   
>   515.46
                                                Prob > F          =   
>   0.0000
                                                R-squared         =   
>   0.0412
                                                Root MSE          =   
>   .14642

----------------------------------------------------------------------
> --------
             |               Robust
tract_dvot~e | Coefficient  std. err.      t    P>|t|     [95% conf. i
> nterval]
-------------+--------------------------------------------------------
> --------
perc_tract_d |   .0825766   .0036371    22.70   0.000     .0754471    
> .0897061
       _cons |   .7572518   .0018689   405.19   0.000     .7535884    
> .7609152
----------------------------------------------------------------------
> --------

Linear regression                               Number of obs     =   
>    9,164
                                                F(1, 9162)        =   
>   488.60
                                                Prob > F          =   
>   0.0000
                                                R-squared         =   
>   0.0410
                                                Root MSE          =   
>    .1464

----------------------------------------------------------------------
> --------
             |               Robust
tract_dvot~e | Coefficient  std. err.      t    P>|t|     [95% conf. i
> nterval]
-------------+--------------------------------------------------------
> --------
perc_tract_d |   .0813253   .0036792    22.10   0.000     .0741133    
> .0885373
       _cons |   .7585907   .0019186   395.39   0.000     .7548298    
> .7623515
----------------------------------------------------------------------
> --------

Linear regression                               Number of obs     =   
>    8,617
                                                F(1, 8615)        =   
>   450.32
                                                Prob > F          =   
>   0.0000
                                                R-squared         =   
>   0.0402
                                                Root MSE          =   
>   .14658

----------------------------------------------------------------------
> --------
             |               Robust
tract_dvot~e | Coefficient  std. err.      t    P>|t|     [95% conf. i
> nterval]
-------------+--------------------------------------------------------
> --------
perc_tract_d |   .0794003   .0037416    21.22   0.000     .0720658    
> .0867349
       _cons |   .7606308   .0019876   382.68   0.000     .7567346    
> .7645271
----------------------------------------------------------------------
> --------

Linear regression                               Number of obs     =   
>    8,058
                                                F(1, 8056)        =   
>   412.71
                                                Prob > F          =   
>   0.0000
                                                R-squared         =   
>   0.0394
                                                Root MSE          =   
>   .14672

----------------------------------------------------------------------
> --------
             |               Robust
tract_dvot~e | Coefficient  std. err.      t    P>|t|     [95% conf. i
> nterval]
-------------+--------------------------------------------------------
> --------
perc_tract_d |   .0774447   .0038121    20.32   0.000     .0699719    
> .0849174
       _cons |    .762862   .0020602   370.28   0.000     .7588235    
> .7669006
----------------------------------------------------------------------
> --------

Linear regression                               Number of obs     =   
>    7,434
                                                F(1, 7432)        =   
>   385.55
                                                Prob > F          =   
>   0.0000
                                                R-squared         =   
>   0.0396
                                                Root MSE          =   
>    .1463

----------------------------------------------------------------------
> --------
             |               Robust
tract_dvot~e | Coefficient  std. err.      t    P>|t|     [95% conf. i
> nterval]
-------------+--------------------------------------------------------
> --------
perc_tract_d |   .0762276   .0038822    19.64   0.000     .0686174    
> .0838377
       _cons |   .7654135   .0021479   356.35   0.000     .7612029    
>  .769624
----------------------------------------------------------------------
> --------

Linear regression                               Number of obs     =   
>    6,744
                                                F(1, 6742)        =   
>   364.39
                                                Prob > F          =   
>   0.0000
                                                R-squared         =   
>   0.0407
                                                Root MSE          =   
>   .14586

----------------------------------------------------------------------
> --------
             |               Robust
tract_dvot~e | Coefficient  std. err.      t    P>|t|     [95% conf. i
> nterval]
-------------+--------------------------------------------------------
> --------
perc_tract_d |   .0757889   .0039703    19.09   0.000     .0680059    
>  .083572
       _cons |    .767454    .002262   339.28   0.000     .7630197    
> .7718882
----------------------------------------------------------------------
> --------

Linear regression                               Number of obs     =   
>    6,073
                                                F(1, 6071)        =   
>   319.43
                                                Prob > F          =   
>   0.0000
                                                R-squared         =   
>   0.0398
                                                Root MSE          =   
>   .14616

----------------------------------------------------------------------
> --------
             |               Robust
tract_dvot~e | Coefficient  std. err.      t    P>|t|     [95% conf. i
> nterval]
-------------+--------------------------------------------------------
> --------
perc_tract_d |   .0739926     .00414    17.87   0.000     .0658767    
> .0821085
       _cons |   .7706106   .0024001   321.08   0.000     .7659055    
> .7753156
----------------------------------------------------------------------
> --------

Linear regression                               Number of obs     =   
>    5,196
                                                F(1, 5194)        =   
>   285.84
                                                Prob > F          =   
>   0.0000
                                                R-squared         =   
>   0.0406
                                                Root MSE          =   
>    .1461

----------------------------------------------------------------------
> --------
             |               Robust
tract_dvot~e | Coefficient  std. err.      t    P>|t|     [95% conf. i
> nterval]
-------------+--------------------------------------------------------
> --------
perc_tract_d |   .0738808   .0043699    16.91   0.000      .065314    
> .0824476
       _cons |   .7752338   .0025996   298.22   0.000     .7701375    
>   .78033
----------------------------------------------------------------------
> --------

Linear regression                               Number of obs     =   
>    3,000
                                                F(1, 2998)        =   
>   171.73
                                                Prob > F          =   
>   0.0000
                                                R-squared         =   
>   0.0420
                                                Root MSE          =   
>   .14386

----------------------------------------------------------------------
> --------
             |               Robust
tract_dvot~e | Coefficient  std. err.      t    P>|t|     [95% conf. i
> nterval]
-------------+--------------------------------------------------------
> --------
perc_tract_d |   .0711084   .0054263    13.10   0.000     .0604688    
> .0817479
       _cons |   .7857403   .0034526   227.58   0.000     .7789706    
>   .79251
----------------------------------------------------------------------
> --------

. esttab robustness_* using "$OUTPUT_PATH/min_tract_holc_share_robustn
> ess.csv", se star(* 0.10 ** 0.05 *** 0.01) replace
(output written to C:/Users/lijia/OneDrive - University of Toronto/Doc
> uments/School/1-5 ECO375/ECO375 Project//3 - Output/min_tract_holc_s
> hare_robustness.csv)

. 
end of do-file

. do "C:\Users\lijia\AppData\Local\Temp\STD46f8_000000.tmp"

. drop _est_robustness*

. 
end of do-file

. do "C:\Users\lijia\AppData\Local\Temp\STD46f8_000000.tmp"

. esttab robustness_* using "$OUTPUT_PATH/redlining_measure_robustness
> .csv", se star(* 0.10 ** 0.05 *** 0.01) replace
(output written to C:/Users/lijia/OneDrive - University of Toronto/Doc
> uments/School/1-5 ECO375/ECO375 Project//3 - Output/redlining_measur
> e_robustness.csv)

. 
end of do-file

. do "C:\Users\lijia\AppData\Local\Temp\STD46f8_000000.tmp"

. drop _est_robustness*
variable _est_robustness* not found
r(111);

end of do-file

r(111);

. do "C:\Users\lijia\AppData\Local\Temp\STD46f8_000000.tmp"

. eststo robustness2_d: regress tract_dvoteshare perc_tract_d if tract
> _holc_share > 0.9

      Source |       SS           df       MS      Number of obs   =  
>    6,073
-------------+----------------------------------   F(1, 6071)      =  
>   251.77
       Model |  5.37830104         1  5.37830104   Prob > F        =  
>   0.0000
    Residual |  129.689865     6,071  .021362192   R-squared       =  
>   0.0398
-------------+----------------------------------   Adj R-squared   =  
>   0.0397
       Total |  135.068166     6,072  .022244428   Root MSE        =  
>   .14616

----------------------------------------------------------------------
> --------
tract_dvot~e | Coefficient  Std. err.      t    P>|t|     [95% conf. i
> nterval]
-------------+--------------------------------------------------------
> --------
perc_tract_d |   .0739926   .0046633    15.87   0.000      .064851    
> .0831342
       _cons |   .7706106   .0022841   337.39   0.000      .766133    
> .7750881
----------------------------------------------------------------------
> --------

. gen perc_tract_c_plus_d = perc_tract_c + perc_tract_d

. eststo robustness2_c_plus_d: regress tract_dvoteshare perc_tract_c_p
> lus_d if tract_holc_share > 0.9

      Source |       SS           df       MS      Number of obs   =  
>    6,073
-------------+----------------------------------   F(1, 6071)      =  
>   118.74
       Model |  2.59114984         1  2.59114984   Prob > F        =  
>   0.0000
    Residual |  132.477016     6,071  .021821284   R-squared       =  
>   0.0192
-------------+----------------------------------   Adj R-squared   =  
>   0.0190
       Total |  135.068166     6,072  .022244428   Root MSE        =  
>   .14772

----------------------------------------------------------------------
> --------
tract_dvot~e | Coefficient  Std. err.      t    P>|t|     [95% conf. i
> nterval]
-------------+--------------------------------------------------------
> --------
perc_tra~s_d |    .053977   .0049534    10.90   0.000     .0442666    
> .0636874
       _cons |   .7517608   .0040934   183.65   0.000     .7437364    
> .7597852
----------------------------------------------------------------------
> --------

. eststo robustness2_c_and_d: regress tract_dvoteshare perc_tract_c pe
> rc_tract_d if tract_holc_share > 0.9

      Source |       SS           df       MS      Number of obs   =  
>    6,073
-------------+----------------------------------   F(2, 6070)      =  
>   137.51
       Model |  5.85447252         2  2.92723626   Prob > F        =  
>   0.0000
    Residual |  129.213693     6,070  .021287264   R-squared       =  
>   0.0433
-------------+----------------------------------   Adj R-squared   =  
>   0.0430
       Total |  135.068166     6,072  .022244428   Root MSE        =  
>    .1459

----------------------------------------------------------------------
> --------
tract_dvot~e | Coefficient  Std. err.      t    P>|t|     [95% conf. i
> nterval]
-------------+--------------------------------------------------------
> --------
perc_tract_c |   .0255588    .005404     4.73   0.000      .014965    
> .0361527
perc_tract_d |   .0892226   .0056603    15.76   0.000     .0781264    
> .1003188
       _cons |    .754778   .0040503   186.35   0.000      .746838    
>  .762718
----------------------------------------------------------------------
> --------

. eststo robustness2_b_c_d: regress tract_dvoteshare perc_tract_a perc
> _tract_c perc_tract_d if tract_holc_share > 0.9

      Source |       SS           df       MS      Number of obs   =  
>    6,073
-------------+----------------------------------   F(3, 6069)      =  
>    92.22
       Model |  5.88856689         3  1.96285563   Prob > F        =  
>   0.0000
    Residual |  129.179599     6,069  .021285154   R-squared       =  
>   0.0436
-------------+----------------------------------   Adj R-squared   =  
>   0.0431
       Total |  135.068166     6,072  .022244428   Root MSE        =  
>   .14589

----------------------------------------------------------------------
> --------
tract_dvot~e | Coefficient  Std. err.      t    P>|t|     [95% conf. i
> nterval]
-------------+--------------------------------------------------------
> --------
perc_tract_a |  -.0149239   .0117918    -1.27   0.206      -.03804    
> .0081922
perc_tract_c |   .0220965   .0060568     3.65   0.000      .010223    
>   .03397
perc_tract_d |   .0859171   .0062336    13.78   0.000     .0736971    
> .0981371
       _cons |   .7580374   .0047995   157.94   0.000     .7486286    
> .7674462
----------------------------------------------------------------------
> --------

. 
. esttab robustness2_* using "$OUTPUT_PATH/redlining_measure_robustnes
> s.csv", se star(* 0.10 ** 0.05 *** 0.01) replace
(output written to C:/Users/lijia/OneDrive - University of Toronto/Doc
> uments/School/1-5 ECO375/ECO375 Project//3 - Output/redlining_measur
> e_robustness.csv)

. 
end of do-file

. do "C:\Users\lijia\AppData\Local\Temp\STD46f8_000000.tmp"

. drop _est_robustness*

. 
. * Robustness check -- does changing the way we measure redlining aff
> ect results?
. eststo robustness2_d: regress tract_dvoteshare perc_tract_d if tract
> _holc_share > 0.9

      Source |       SS           df       MS      Number of obs   =  
>    6,073
-------------+----------------------------------   F(1, 6071)      =  
>   251.77
       Model |  5.37830104         1  5.37830104   Prob > F        =  
>   0.0000
    Residual |  129.689865     6,071  .021362192   R-squared       =  
>   0.0398
-------------+----------------------------------   Adj R-squared   =  
>   0.0397
       Total |  135.068166     6,072  .022244428   Root MSE        =  
>   .14616

----------------------------------------------------------------------
> --------
tract_dvot~e | Coefficient  Std. err.      t    P>|t|     [95% conf. i
> nterval]
-------------+--------------------------------------------------------
> --------
perc_tract_d |   .0739926   .0046633    15.87   0.000      .064851    
> .0831342
       _cons |   .7706106   .0022841   337.39   0.000      .766133    
> .7750881
----------------------------------------------------------------------
> --------

. gen perc_tract_c_plus_d = perc_tract_c + perc_tract_d
variable perc_tract_c_plus_d already defined
r(110);

end of do-file

r(110);

. do "C:\Users\lijia\AppData\Local\Temp\STD46f8_000000.tmp"

. drop _est_robustness*

. 
. * Robustness check -- does changing the way we measure redlining aff
> ect results?
. eststo robustness2_d: regress tract_dvoteshare perc_tract_d if tract
> _holc_share > 0.9

      Source |       SS           df       MS      Number of obs   =  
>    6,073
-------------+----------------------------------   F(1, 6071)      =  
>   251.77
       Model |  5.37830104         1  5.37830104   Prob > F        =  
>   0.0000
    Residual |  129.689865     6,071  .021362192   R-squared       =  
>   0.0398
-------------+----------------------------------   Adj R-squared   =  
>   0.0397
       Total |  135.068166     6,072  .022244428   Root MSE        =  
>   .14616

----------------------------------------------------------------------
> --------
tract_dvot~e | Coefficient  Std. err.      t    P>|t|     [95% conf. i
> nterval]
-------------+--------------------------------------------------------
> --------
perc_tract_d |   .0739926   .0046633    15.87   0.000      .064851    
> .0831342
       _cons |   .7706106   .0022841   337.39   0.000      .766133    
> .7750881
----------------------------------------------------------------------
> --------

. gen perc_tract_c_plus_d = perc_tract_c + perc_tract_d
variable perc_tract_c_plus_d already defined
r(110);

end of do-file

r(110);

. do "C:\Users\lijia\AppData\Local\Temp\STD46f8_000000.tmp"

. drop _est_robustness*

. 
. * Robustness check -- does changing the way we measure redlining aff
> ect results?
. eststo robustness2_d: regress tract_dvoteshare perc_tract_d if tract
> _holc_share > 0.9

      Source |       SS           df       MS      Number of obs   =  
>    6,073
-------------+----------------------------------   F(1, 6071)      =  
>   251.77
       Model |  5.37830104         1  5.37830104   Prob > F        =  
>   0.0000
    Residual |  129.689865     6,071  .021362192   R-squared       =  
>   0.0398
-------------+----------------------------------   Adj R-squared   =  
>   0.0397
       Total |  135.068166     6,072  .022244428   Root MSE        =  
>   .14616

----------------------------------------------------------------------
> --------
tract_dvot~e | Coefficient  Std. err.      t    P>|t|     [95% conf. i
> nterval]
-------------+--------------------------------------------------------
> --------
perc_tract_d |   .0739926   .0046633    15.87   0.000      .064851    
> .0831342
       _cons |   .7706106   .0022841   337.39   0.000      .766133    
> .7750881
----------------------------------------------------------------------
> --------

. capture gen perc_tract_c_plus_d = perc_tract_c + perc_tract_d

. eststo robustness2_c_plus_d: regress tract_dvoteshare perc_tract_c_p
> lus_d if tract_holc_share > 0.9

      Source |       SS           df       MS      Number of obs   =  
>    6,073
-------------+----------------------------------   F(1, 6071)      =  
>   118.74
       Model |  2.59114984         1  2.59114984   Prob > F        =  
>   0.0000
    Residual |  132.477016     6,071  .021821284   R-squared       =  
>   0.0192
-------------+----------------------------------   Adj R-squared   =  
>   0.0190
       Total |  135.068166     6,072  .022244428   Root MSE        =  
>   .14772

----------------------------------------------------------------------
> --------
tract_dvot~e | Coefficient  Std. err.      t    P>|t|     [95% conf. i
> nterval]
-------------+--------------------------------------------------------
> --------
perc_tra~s_d |    .053977   .0049534    10.90   0.000     .0442666    
> .0636874
       _cons |   .7517608   .0040934   183.65   0.000     .7437364    
> .7597852
----------------------------------------------------------------------
> --------

. eststo robustness2_c_and_d: regress tract_dvoteshare perc_tract_c pe
> rc_tract_d if tract_holc_share > 0.9

      Source |       SS           df       MS      Number of obs   =  
>    6,073
-------------+----------------------------------   F(2, 6070)      =  
>   137.51
       Model |  5.85447252         2  2.92723626   Prob > F        =  
>   0.0000
    Residual |  129.213693     6,070  .021287264   R-squared       =  
>   0.0433
-------------+----------------------------------   Adj R-squared   =  
>   0.0430
       Total |  135.068166     6,072  .022244428   Root MSE        =  
>    .1459

----------------------------------------------------------------------
> --------
tract_dvot~e | Coefficient  Std. err.      t    P>|t|     [95% conf. i
> nterval]
-------------+--------------------------------------------------------
> --------
perc_tract_c |   .0255588    .005404     4.73   0.000      .014965    
> .0361527
perc_tract_d |   .0892226   .0056603    15.76   0.000     .0781264    
> .1003188
       _cons |    .754778   .0040503   186.35   0.000      .746838    
>  .762718
----------------------------------------------------------------------
> --------

. eststo robustness2_b_c_d: regress tract_dvoteshare perc_tract_b perc
> _tract_c perc_tract_d if tract_holc_share > 0.9

      Source |       SS           df       MS      Number of obs   =  
>    6,073
-------------+----------------------------------   F(3, 6069)      =  
>    93.76
       Model |   5.9826695         3  1.99422317   Prob > F        =  
>   0.0000
    Residual |  129.085496     6,069  .021269648   R-squared       =  
>   0.0443
-------------+----------------------------------   Adj R-squared   =  
>   0.0438
       Total |  135.068166     6,072  .022244428   Root MSE        =  
>   .14584

----------------------------------------------------------------------
> --------
tract_dvot~e | Coefficient  Std. err.      t    P>|t|     [95% conf. i
> nterval]
-------------+--------------------------------------------------------
> --------
perc_tract_b |   .0285205   .0116171     2.46   0.014     .0057468    
> .0512942
perc_tract_c |   .0472331   .0103499     4.56   0.000     .0269435    
> .0675226
perc_tract_d |   .1112699   .0106142    10.48   0.000     .0904624    
> .1320775
       _cons |   .7330706   .0097248    75.38   0.000     .7140065    
> .7521346
----------------------------------------------------------------------
> --------

. 
. esttab robustness2_* using "$OUTPUT_PATH/redlining_measure_robustnes
> s.csv", se star(* 0.10 ** 0.05 *** 0.01) replace
(output written to C:/Users/lijia/OneDrive - University of Toronto/Doc
> uments/School/1-5 ECO375/ECO375 Project//3 - Output/redlining_measur
> e_robustness.csv)

. 
end of do-file

