------------------------------------------------------------------------------------------------------------------------------------------------------------------------------------------------------------------------------------------------
      name:  <unnamed>
       log:  C:/Users/lijia/OneDrive - University of Toronto/Documents/School/1-5 ECO375/ECO375 Project//3 - Output/regression_analysis_log.log
  log type:  text
 opened on:  25 Mar 2023, 15:24:03

. 
. cd "$INPUT_PATH/Merge"
C:\Users\lijia\OneDrive - University of Toronto\Documents\School\1-5 ECO375\ECO375 Project\1 - Data\Merge

. 
. * Load collapsed data for regression
. use "HOLC_Voting_Covariates.dta", clear

. drop _merge

. replace _yr_median = _yr_median / 1000
variable _yr_median was long now double
(16,242 real changes made)

. 
end of do-file

. b
command b is unrecognized
r(199);

. br

. do "C:\Users\lijia\OneDrive - University of Toronto\Documents\School\1-5 ECO375\ECO375 Project\2 - Code\Map Making.do"

. /*******************************************************************************
> Class:                          ECO375 Winter 2023
> Project:                        Feasibility Plan
> Name:                           Jia Jun (Jacob) Li 1006824750
> Name:                           Benjamin Lee 1007236475
> 
> Date Created:           Feb 27 2023
> Last Updated:           Mar 14 2023
> *******************************************************************************/
. 
. // Directories for Jacob
. global PATH "C:/Users/lijia/OneDrive - University of Toronto/Documents/School/1-5 ECO375/ECO375 Project/"

. global OUTPUT_PATH "$PATH/3 - Output"

. global INPUT_PATH "$PATH/1 - Data"

. 
. // * Directories for Ben
. // global PATH "/Users/benlee/Documents/GitHub/eco375"
. // global OUTPUT_PATH "$PATH/3 - Output"
. // global INPUT_PATH "$PATH/1 - Data"
. 
. clear all

. set linesize 240

. capture log close
